<?xml version="1.0" encoding="UTF-8"?>
<robot generator="Robot 7.0.1 (Python 3.12.4 on win32)" generated="2024-08-07T10:45:42.510473" rpa="false" schemaversion="5">
<suite id="s1" name="Signup" source="c:\QAx\WALKDOG-ROBOT\signup.robot">
<test id="s1-t1" name="Deve poder cadastrar um novo dog walker" line="7">
<kw name="Set Variable" owner="BuiltIn">
<msg time="2024-08-07T10:45:43.322438" level="INFO">${name} = Luciana Rosa</msg>
<var>${name}</var>
<arg>Luciana Rosa</arg>
<doc>Returns the given values which can then be assigned to a variables.</doc>
<status status="PASS" start="2024-08-07T10:45:43.322438" elapsed="0.002009"/>
</kw>
<kw name="Set Variable" owner="BuiltIn">
<msg time="2024-08-07T10:45:43.325455" level="INFO">${email} = lucianamendesrosa@hotmail.com</msg>
<var>${email}</var>
<arg>lucianamendesrosa@hotmail.com</arg>
<doc>Returns the given values which can then be assigned to a variables.</doc>
<status status="PASS" start="2024-08-07T10:45:43.325455" elapsed="0.000000"/>
</kw>
<kw name="Set Variable" owner="BuiltIn">
<msg time="2024-08-07T10:45:43.326485" level="INFO">${cpf} = 00002233665</msg>
<var>${cpf}</var>
<arg>00002233665</arg>
<doc>Returns the given values which can then be assigned to a variables.</doc>
<status status="PASS" start="2024-08-07T10:45:43.326485" elapsed="0.000000"/>
</kw>
<kw name="Set Variable" owner="BuiltIn">
<msg time="2024-08-07T10:45:43.327501" level="INFO">${cep} = 08663080</msg>
<var>${cep}</var>
<arg>08663080</arg>
<doc>Returns the given values which can then be assigned to a variables.</doc>
<status status="PASS" start="2024-08-07T10:45:43.327501" elapsed="0.000504"/>
</kw>
<kw name="Set Variable" owner="BuiltIn">
<msg time="2024-08-07T10:45:43.329080" level="INFO">${addressNumber} = 500</msg>
<var>${addressNumber}</var>
<arg>500</arg>
<doc>Returns the given values which can then be assigned to a variables.</doc>
<status status="PASS" start="2024-08-07T10:45:43.328005" elapsed="0.001075"/>
</kw>
<kw name="Set Variable" owner="BuiltIn">
<msg time="2024-08-07T10:45:43.334091" level="INFO">${addressDetails} = Apto 24</msg>
<var>${addressDetails}</var>
<arg>Apto 24</arg>
<doc>Returns the given values which can then be assigned to a variables.</doc>
<status status="PASS" start="2024-08-07T10:45:43.333092" elapsed="0.000999"/>
</kw>
<kw name="New Browser" owner="Browser">
<msg time="2024-08-07T10:45:43.336090" level="INFO">{"browser": "chromium", "headless": false, "chromiumSandbox": false, "devtools": false, "handleSIGHUP": true, "handleSIGINT": true, "handleSIGTERM": true, "slowMo": 0.0, "timeout": 30000.0, "tracesDir": "C:\\QAx\\WALKDOG-ROBOT\\browser\\traces\\50a017e7-1d23-4ab9-be5e-7ab3b1f68150"}</msg>
<msg time="2024-08-07T10:45:43.594988" level="INFO">Successfully created browser with options: {"browser":"chromium","headless":false,"chromiumSandbox":false,"devtools":false,"handleSIGHUP":true,"handleSIGINT":true,"handleSIGTERM":true,"slowMo":0,"timeout":30000,"tracesDir":"C:\\QAx\\WALKDOG-ROBOT\\browser\\traces\\50a017e7-1d23-4ab9-be5e-7ab3b1f68150"}</msg>
<arg>browser=chromium</arg>
<arg>headless=False</arg>
<tag>BrowserControl</tag>
<tag>Setter</tag>
<doc>Create a new playwright Browser with specified options.</doc>
<status status="PASS" start="2024-08-07T10:45:43.335091" elapsed="0.259897"/>
</kw>
<kw name="New Page" owner="Browser">
<msg time="2024-08-07T10:45:44.308226" level="INFO">Successfully initialized new page object and opened url: https://walkdog.vercel.app/signup</msg>
<msg time="2024-08-07T10:45:44.308226" level="INFO">No context was open. New context was automatically opened when this page is created.</msg>
<arg>https://walkdog.vercel.app/signup</arg>
<tag>BrowserControl</tag>
<tag>Setter</tag>
<doc>Open a new Page.</doc>
<status status="PASS" start="2024-08-07T10:45:43.596987" elapsed="0.711239"/>
</kw>
<kw name="Wait For Elements State" owner="Browser">
<msg time="2024-08-07T10:45:44.370934" level="INFO">Waited for Element with selector form h1 at state visible</msg>
<arg>form h1</arg>
<arg>visible</arg>
<arg>5000</arg>
<tag>PageContent</tag>
<tag>Wait</tag>
<doc>Waits for the element found by ``selector`` to satisfy state option.</doc>
<status status="PASS" start="2024-08-07T10:45:44.309247" elapsed="0.062900"/>
</kw>
<kw name="Get Text" owner="Browser">
<msg time="2024-08-07T10:45:44.420420" level="INFO">Text: 'Faça seu cadastro'</msg>
<arg>form h1</arg>
<arg>equal</arg>
<arg>Faça seu cadastro</arg>
<tag>Assertion</tag>
<tag>Getter</tag>
<tag>PageContent</tag>
<doc>Returns text attribute of the element found by ``selector``.</doc>
<status status="PASS" start="2024-08-07T10:45:44.372147" elapsed="0.049272"/>
</kw>
<kw name="Fill Text" owner="Browser">
<msg time="2024-08-07T10:45:44.423473" level="INFO">Fills the text 'Luciana Rosa' in the given field.</msg>
<arg>css=input[name=name]</arg>
<arg>${name}</arg>
<tag>PageContent</tag>
<tag>Setter</tag>
<doc>Clears and fills the given ``txt`` into the text field found by ``selector``.</doc>
<status status="PASS" start="2024-08-07T10:45:44.422418" elapsed="0.032169"/>
</kw>
<kw name="Fill Text" owner="Browser">
<msg time="2024-08-07T10:45:44.455625" level="INFO">Fills the text 'lucianamendesrosa@hotmail.com' in the given field.</msg>
<arg>css=input[name=email]</arg>
<arg>${email}</arg>
<tag>PageContent</tag>
<tag>Setter</tag>
<doc>Clears and fills the given ``txt`` into the text field found by ``selector``.</doc>
<status status="PASS" start="2024-08-07T10:45:44.455625" elapsed="0.025794"/>
</kw>
<kw name="Fill Text" owner="Browser">
<msg time="2024-08-07T10:45:44.482423" level="INFO">Fills the text '00002233665' in the given field.</msg>
<arg>css=input[name=cpf]</arg>
<arg>${cpf}</arg>
<tag>PageContent</tag>
<tag>Setter</tag>
<doc>Clears and fills the given ``txt`` into the text field found by ``selector``.</doc>
<status status="PASS" start="2024-08-07T10:45:44.482423" elapsed="0.031378"/>
</kw>
<kw name="Fill Text" owner="Browser">
<msg time="2024-08-07T10:45:44.514804" level="INFO">Fills the text '08663080' in the given field.</msg>
<arg>css=input[name=cep]</arg>
<arg>${cep}</arg>
<tag>PageContent</tag>
<tag>Setter</tag>
<doc>Clears and fills the given ``txt`` into the text field found by ``selector``.</doc>
<status status="PASS" start="2024-08-07T10:45:44.514804" elapsed="0.031812"/>
</kw>
<kw name="Click" owner="Browser">
<msg time="2024-08-07T10:45:44.548121" level="INFO">Clicks the element 'css=input[type=button][value$=CEP]'.</msg>
<arg>css=input[type=button][value$=CEP]</arg>
<tag>PageContent</tag>
<tag>Setter</tag>
<doc>Simulates mouse click on the element found by ``selector``.</doc>
<status status="PASS" start="2024-08-07T10:45:44.546616" elapsed="0.067698"/>
</kw>
<kw name="Fill Text" owner="Browser">
<msg time="2024-08-07T10:45:44.615322" level="INFO">Fills the text '500' in the given field.</msg>
<arg>css=input[name=addressNumber]</arg>
<arg>${addressNumber}</arg>
<tag>PageContent</tag>
<tag>Setter</tag>
<doc>Clears and fills the given ``txt`` into the text field found by ``selector``.</doc>
<status status="PASS" start="2024-08-07T10:45:44.614314" elapsed="0.028746"/>
</kw>
<kw name="Fill Text" owner="Browser">
<msg time="2024-08-07T10:45:44.644065" level="INFO">Fills the text 'Apto 24' in the given field.</msg>
<arg>css=input[name=addressDetails]</arg>
<arg>${addressDetails}</arg>
<tag>PageContent</tag>
<tag>Setter</tag>
<doc>Clears and fills the given ``txt`` into the text field found by ``selector``.</doc>
<status status="PASS" start="2024-08-07T10:45:44.644065" elapsed="0.019921"/>
</kw>
<kw name="Sleep" owner="BuiltIn">
<msg time="2024-08-07T10:45:54.665218" level="INFO">Slept 10 seconds.</msg>
<arg>10</arg>
<doc>Pauses the test executed for the given time.</doc>
<status status="PASS" start="2024-08-07T10:45:44.663986" elapsed="10.001232"/>
</kw>
<status status="PASS" start="2024-08-07T10:45:43.317354" elapsed="11.348891"/>
</test>
<doc>Suite de testes de cadastro de dog walker</doc>
<status status="PASS" start="2024-08-07T10:45:42.515535" elapsed="12.228281"/>
</suite>
<statistics>
<total>
<stat pass="1" fail="0" skip="0">All Tests</stat>
</total>
<tag>
</tag>
<suite>
<stat pass="1" fail="0" skip="0" id="s1" name="Signup">Signup</stat>
</suite>
</statistics>
<errors>
</errors>
</robot>
